Using pre-set license
Built from '2022.3/release' branch; Version is '2022.3.18f1 (d29bea25151d) revision 13802474'; Using compiler version '192829333'; Build Type 'Release'
OS: 'Windows 11  (10.0.22631) 64bit Core' Language: 'en' Physical Memory: 15556 MB
BatchMode: 1, IsHumanControllingUs: 0, StartBugReporterOnCrash: 0, Is64bit: 1, IsPro: 1

COMMAND LINE ARGUMENTS:
C:\Program Files\Unity\Hub\Editor\2022.3.18f1\Editor\Unity.exe
-adb2
-batchMode
-noUpm
-name
AssetImportWorker0
-projectPath
C:/Users/javie/Documents/Unity Projects/Demostraci贸n Dotween
-logFile
Logs/AssetImportWorker0.log
-srvPort
62241
Successfully changed project path to: C:/Users/javie/Documents/Unity Projects/Demostraci贸n Dotween
C:/Users/javie/Documents/Unity Projects/Demostraci贸n Dotween
[UnityMemory] Configuration Parameters - Can be set up in boot.config
    "memorysetup-bucket-allocator-granularity=16"
    "memorysetup-bucket-allocator-bucket-count=8"
    "memorysetup-bucket-allocator-block-size=33554432"
    "memorysetup-bucket-allocator-block-count=8"
    "memorysetup-main-allocator-block-size=16777216"
    "memorysetup-thread-allocator-block-size=16777216"
    "memorysetup-gfx-main-allocator-block-size=16777216"
    "memorysetup-gfx-thread-allocator-block-size=16777216"
    "memorysetup-cache-allocator-block-size=4194304"
    "memorysetup-typetree-allocator-block-size=2097152"
    "memorysetup-profiler-bucket-allocator-granularity=16"
    "memorysetup-profiler-bucket-allocator-bucket-count=8"
    "memorysetup-profiler-bucket-allocator-block-size=33554432"
    "memorysetup-profiler-bucket-allocator-block-count=8"
    "memorysetup-profiler-allocator-block-size=16777216"
    "memorysetup-profiler-editor-allocator-block-size=1048576"
    "memorysetup-temp-allocator-size-main=16777216"
    "memorysetup-job-temp-allocator-block-size=2097152"
    "memorysetup-job-temp-allocator-block-size-background=1048576"
    "memorysetup-job-temp-allocator-reduction-small-platforms=262144"
    "memorysetup-allocator-temp-initial-block-size-main=262144"
    "memorysetup-allocator-temp-initial-block-size-worker=262144"
    "memorysetup-temp-allocator-size-background-worker=32768"
    "memorysetup-temp-allocator-size-job-worker=262144"
    "memorysetup-temp-allocator-size-preload-manager=33554432"
    "memorysetup-temp-allocator-size-nav-mesh-worker=65536"
    "memorysetup-temp-allocator-size-audio-worker=65536"
    "memorysetup-temp-allocator-size-cloud-worker=32768"
    "memorysetup-temp-allocator-size-gi-baking-worker=262144"
    "memorysetup-temp-allocator-size-gfx=262144"
Player connection [23252] Host "[IP] 172.16.58.222 [Port] 0 [Flags] 2 [Guid] 3923860693 [EditorId] 3923860693 [Version] 1048832 [Id] WindowsEditor(7,Legionario) [Debug] 1 [PackageName] WindowsEditor [ProjectName] Editor" joined multi-casting on [225.0.0.222:54997]...

Player connection [23252] Host "[IP] 172.16.58.222 [Port] 0 [Flags] 2 [Guid] 3923860693 [EditorId] 3923860693 [Version] 1048832 [Id] WindowsEditor(7,Legionario) [Debug] 1 [PackageName] WindowsEditor [ProjectName] Editor" joined alternative multi-casting on [225.0.0.222:34997]...

[Physics::Module] Initialized MultithreadedJobDispatcher with 15 workers.
Refreshing native plugins compatible for Editor in 140.02 ms, found 3 plugins.
Preloading 0 native plugins for Editor in 0.00 ms.
Initialize engine version: 2022.3.18f1 (d29bea25151d)
[Subsystems] Discovering subsystems at path C:/Program Files/Unity/Hub/Editor/2022.3.18f1/Editor/Data/Resources/UnitySubsystems
[Subsystems] Discovering subsystems at path C:/Users/javie/Documents/Unity Projects/Demostraci贸n Dotween/Assets
GfxDevice: creating device client; threaded=0; jobified=0
Direct3D:
    Version:  Direct3D 11.0 [level 11.1]
    Renderer: NVIDIA GeForce RTX 3070 Ti Laptop GPU (ID=0x24e0)
    Vendor:   NVIDIA
    VRAM:     8032 MB
    Driver:   31.0.15.3732
Initialize mono
Mono path[0] = 'C:/Program Files/Unity/Hub/Editor/2022.3.18f1/Editor/Data/Managed'
Mono path[1] = 'C:/Program Files/Unity/Hub/Editor/2022.3.18f1/Editor/Data/MonoBleedingEdge/lib/mono/unityjit-win32'
Mono config path = 'C:/Program Files/Unity/Hub/Editor/2022.3.18f1/Editor/Data/MonoBleedingEdge/etc'
Using monoOptions --debugger-agent=transport=dt_socket,embedding=1,server=y,suspend=n,address=127.0.0.1:56588
Begin MonoManager ReloadAssembly
Registering precompiled unity dll's ...
Register platform support module: C:/Program Files/Unity/Hub/Editor/2022.3.18f1/Editor/Data/PlaybackEngines/WebGLSupport/UnityEditor.WebGL.Extensions.dll
Register platform support module: C:/Program Files/Unity/Hub/Editor/2022.3.18f1/Editor/Data/PlaybackEngines/WindowsStandaloneSupport/UnityEditor.WindowsStandalone.Extensions.dll
Registered in 0.009761 seconds.
- Loaded All Assemblies, in  1.828 seconds
Native extension for WindowsStandalone target not found
Native extension for WebGL target not found
Mono: successfully reloaded assembly
- Finished resetting the current domain, in  0.324 seconds
Domain Reload Profiling: 2150ms
	BeginReloadAssembly (128ms)
		ExecutionOrderSort (0ms)
		DisableScriptedObjects (0ms)
		BackupInstance (0ms)
		ReleaseScriptingObjects (0ms)
		CreateAndSetChildDomain (1ms)
	RebuildCommonClasses (262ms)
	RebuildNativeTypeToScriptingClass (12ms)
	initialDomainReloadingComplete (76ms)
	LoadAllAssembliesAndSetupDomain (1347ms)
		LoadAssemblies (126ms)
		RebuildTransferFunctionScriptingTraits (0ms)
		AnalyzeDomain (1345ms)
			TypeCache.Refresh (1343ms)
				TypeCache.ScanAssembly (914ms)
			ScanForSourceGeneratedMonoScriptInfo (0ms)
			ResolveRequiredComponents (0ms)
	FinalizeReload (325ms)
		ReleaseScriptCaches (0ms)
		RebuildScriptCaches (0ms)
		SetupLoadedEditorAssemblies (255ms)
			LogAssemblyErrors (0ms)
			InitializePlatformSupportModulesInManaged (13ms)
			SetLoadedEditorAssemblies (7ms)
			RefreshPlugins (0ms)
			BeforeProcessingInitializeOnLoad (3ms)
			ProcessInitializeOnLoadAttributes (172ms)
			ProcessInitializeOnLoadMethodAttributes (60ms)
			AfterProcessingInitializeOnLoad (0ms)
			EditorAssembliesLoaded (0ms)
		ExecutionOrderSort2 (0ms)
		AwakeInstancesAfterBackupRestoration (0ms)
========================================================================
Worker process is ready to serve import requests
Begin MonoManager ReloadAssembly
- Loaded All Assemblies, in  4.944 seconds
Refreshing native plugins compatible for Editor in 5.24 ms, found 3 plugins.
Native extension for WindowsStandalone target not found
Native extension for WebGL target not found
Package Manager log level set to [2]
[Package Manager] Server::EnsureServerProcessIsRunning -- launch failed, reason: Unity was launched with the -noUpm command-line argument
[Package Manager] UpmClient::Send -- Unable to send message (not connected to UPM process).
[Package Manager] Cannot connect to Unity Package Manager local server
Mono: successfully reloaded assembly
- Finished resetting the current domain, in  0.729 seconds
Domain Reload Profiling: 5669ms
	BeginReloadAssembly (185ms)
		ExecutionOrderSort (0ms)
		DisableScriptedObjects (8ms)
		BackupInstance (0ms)
		ReleaseScriptingObjects (0ms)
		CreateAndSetChildDomain (26ms)
	RebuildCommonClasses (41ms)
	RebuildNativeTypeToScriptingClass (12ms)
	initialDomainReloadingComplete (57ms)
	LoadAllAssembliesAndSetupDomain (4645ms)
		LoadAssemblies (4453ms)
		RebuildTransferFunctionScriptingTraits (0ms)
		AnalyzeDomain (301ms)
			TypeCache.Refresh (279ms)
				TypeCache.ScanAssembly (174ms)
			ScanForSourceGeneratedMonoScriptInfo (16ms)
			ResolveRequiredComponents (5ms)
	FinalizeReload (729ms)
		ReleaseScriptCaches (0ms)
		RebuildScriptCaches (0ms)
		SetupLoadedEditorAssemblies (562ms)
			LogAssemblyErrors (0ms)
			InitializePlatformSupportModulesInManaged (8ms)
			SetLoadedEditorAssemblies (4ms)
			RefreshPlugins (0ms)
			BeforeProcessingInitializeOnLoad (70ms)
			ProcessInitializeOnLoadAttributes (445ms)
			ProcessInitializeOnLoadMethodAttributes (26ms)
			AfterProcessingInitializeOnLoad (9ms)
			EditorAssembliesLoaded (0ms)
		ExecutionOrderSort2 (0ms)
		AwakeInstancesAfterBackupRestoration (9ms)
Launched and connected shader compiler UnityShaderCompiler.exe after 0.10 seconds
Refreshing native plugins compatible for Editor in 5.11 ms, found 3 plugins.
Preloading 0 native plugins for Editor in 0.00 ms.
Unloading 3198 Unused Serialized files (Serialized files now loaded: 0)
Unloading 34 unused Assets / (57.2 KB). Loaded Objects now: 3677.
Memory consumption went from 138.3 MB to 138.2 MB.
Total: 3.612300 ms (FindLiveObjects: 0.400300 ms CreateObjectMapping: 0.127900 ms MarkObjects: 2.973600 ms  DeleteObjects: 0.109800 ms)

AssetImportParameters requested are different than current active one (requested -> active):
  custom:container-demuxer-ogg: 62fdf1f143b41e24485cea50d1cbac27 -> 
  custom:video-codec-MediaFoundation-h265: 746d11721c4dcdbdad8f713fa42b33f4 -> 
  custom:video-decoder-ogg-theora: a1e56fd34408186e4bbccfd4996cb3dc -> 
  custom:framework-win-MediaFoundation: 216162199b28c13a410421893ffa2e32 -> 
  custom:CustomObjectIndexerAttribute: 6d391050e5a25f67b0a2c618074f2cd9 -> 
  custom:container-demuxer-webm: 4f35f7cbe854078d1ac9338744f61a02 -> 
  custom:container-muxer-webm: aa71ff27fc2769a1b78a27578f13a17b -> 
  custom:video-decoder-webm-vp8: 9c59270c3fd7afecdb556c50c9e8de78 -> 
  custom:SearchIndexIgnoredProperties: e643bd26f0fe6173181afceb89e7c659 -> 
  custom:AudioImporter_EditorPlatform: d09bf68614088b80899f8185d706f6e7 -> 
  custom:video-encoder-webm-vp8: eb34c28f22e8b96e1ab97ce403110664 -> 
  custom:audio-decoder-ogg-vorbis: bf7c407c2cedff20999df2af8eb42d56 -> 
  custom:audio-encoder-webm-vorbis: bf7c407c2cedff20999df2af8eb42d56 -> 
========================================================================
Received Import Request.
  Time since last request: 333780.841976 seconds.
  path: Assets/Scenes/05Seguidor.unity
  artifactKey: Guid(6fcc4d9109207b44eb9b1f442695ab21) Importer(815301076,1909f56bfc062723c751e8b465ee728b)
Start importing Assets/Scenes/05Seguidor.unity using Guid(6fcc4d9109207b44eb9b1f442695ab21) Importer(815301076,1909f56bfc062723c751e8b465ee728b)  -> (artifact id: '19233c6f2ca03369fd96e43b95da2cb6') in 0.004021 seconds
Number of updated asset objects reloaded before import = 0
Number of asset objects unloaded after import = 0
========================================================================
Received Import Request.
  Time since last request: 79.422749 seconds.
  path: Assets/Scenes/06Seguidor.unity
  artifactKey: Guid(6fcc4d9109207b44eb9b1f442695ab21) Importer(815301076,1909f56bfc062723c751e8b465ee728b)
Start importing Assets/Scenes/06Seguidor.unity using Guid(6fcc4d9109207b44eb9b1f442695ab21) Importer(815301076,1909f56bfc062723c751e8b465ee728b)  -> (artifact id: 'b80aa0630762743916be2bb17854845f') in 0.000561 seconds
Number of updated asset objects reloaded before import = 0
Number of asset objects unloaded after import = 0
========================================================================
Received Import Request.
  Time since last request: 3.901229 seconds.
  path: Assets/Scenes/07Sequencia.unity
  artifactKey: Guid(9dbd7183dcdf42f42a3b635600d47e54) Importer(815301076,1909f56bfc062723c751e8b465ee728b)
Start importing Assets/Scenes/07Sequencia.unity using Guid(9dbd7183dcdf42f42a3b635600d47e54) Importer(815301076,1909f56bfc062723c751e8b465ee728b)  -> (artifact id: '0cf922940fa451696933e4765250cd99') in 0.000880 seconds
Number of updated asset objects reloaded before import = 0
Number of asset objects unloaded after import = 0
========================================================================
Received Import Request.
  Time since last request: 19.442843 seconds.
  path: Assets/Scenes/08DemoScene.unity
  artifactKey: Guid(8c30e65650bd4854aaca1c0761fc0eb0) Importer(815301076,1909f56bfc062723c751e8b465ee728b)
Start importing Assets/Scenes/08DemoScene.unity using Guid(8c30e65650bd4854aaca1c0761fc0eb0) Importer(815301076,1909f56bfc062723c751e8b465ee728b)  -> (artifact id: 'c1e3225fe1e3dd3a015b85947c3ea181') in 0.003295 seconds
Number of updated asset objects reloaded before import = 0
Number of asset objects unloaded after import = 0
========================================================================
Received Prepare
Begin MonoManager ReloadAssembly
- Loaded All Assemblies, in  0.546 seconds
Refreshing native plugins compatible for Editor in 4.61 ms, found 3 plugins.
Native extension for WindowsStandalone target not found
Native extension for WebGL target not found
[Package Manager] Server::EnsureServerProcessIsRunning -- launch failed, reason: Unity was launched with the -noUpm command-line argument
[Package Manager] UpmClient::Send -- Unable to send message (not connected to UPM process).
[Package Manager] Cannot connect to Unity Package Manager local server
Mono: successfully reloaded assembly
- Finished resetting the current domain, in  1.198 seconds
Domain Reload Profiling: 1742ms
	BeginReloadAssembly (193ms)
		ExecutionOrderSort (0ms)
		DisableScriptedObjects (6ms)
		BackupInstance (0ms)
		ReleaseScriptingObjects (0ms)
		CreateAndSetChildDomain (39ms)
	RebuildCommonClasses (35ms)
	RebuildNativeTypeToScriptingClass (18ms)
	initialDomainReloadingComplete (39ms)
	LoadAllAssembliesAndSetupDomain (257ms)
		LoadAssemblies (355ms)
		RebuildTransferFunctionScriptingTraits (0ms)
		AnalyzeDomain (15ms)
			TypeCache.Refresh (6ms)
				TypeCache.ScanAssembly (0ms)
			ScanForSourceGeneratedMonoScriptInfo (0ms)
			ResolveRequiredComponents (8ms)
	FinalizeReload (1199ms)
		ReleaseScriptCaches (0ms)
		RebuildScriptCaches (0ms)
		SetupLoadedEditorAssemblies (570ms)
			LogAssemblyErrors (0ms)
			InitializePlatformSupportModulesInManaged (10ms)
			SetLoadedEditorAssemblies (6ms)
			RefreshPlugins (0ms)
			BeforeProcessingInitializeOnLoad (78ms)
			ProcessInitializeOnLoadAttributes (443ms)
			ProcessInitializeOnLoadMethodAttributes (24ms)
			AfterProcessingInitializeOnLoad (9ms)
			EditorAssembliesLoaded (0ms)
		ExecutionOrderSort2 (0ms)
		AwakeInstancesAfterBackupRestoration (8ms)
Refreshing native plugins compatible for Editor in 5.11 ms, found 3 plugins.
Preloading 0 native plugins for Editor in 0.00 ms.
Unloading 3177 Unused Serialized files (Serialized files now loaded: 0)
Unloading 25 unused Assets / (31.1 KB). Loaded Objects now: 3680.
Memory consumption went from 136.0 MB to 135.9 MB.
Total: 3.454800 ms (FindLiveObjects: 0.438100 ms CreateObjectMapping: 0.182900 ms MarkObjects: 2.778900 ms  DeleteObjects: 0.054100 ms)

Prepare: number of updated asset objects reloaded= 0
AssetImportParameters requested are different than current active one (requested -> active):
  custom:container-demuxer-ogg: 62fdf1f143b41e24485cea50d1cbac27 -> 
  custom:video-codec-MediaFoundation-h265: 746d11721c4dcdbdad8f713fa42b33f4 -> 
  custom:video-decoder-ogg-theora: a1e56fd34408186e4bbccfd4996cb3dc -> 
  custom:framework-win-MediaFoundation: 216162199b28c13a410421893ffa2e32 -> 
  custom:CustomObjectIndexerAttribute: 6d391050e5a25f67b0a2c618074f2cd9 -> 
  custom:container-demuxer-webm: 4f35f7cbe854078d1ac9338744f61a02 -> 
  custom:container-muxer-webm: aa71ff27fc2769a1b78a27578f13a17b -> 
  custom:video-decoder-webm-vp8: 9c59270c3fd7afecdb556c50c9e8de78 -> 
  custom:SearchIndexIgnoredProperties: e643bd26f0fe6173181afceb89e7c659 -> 
  custom:AudioImporter_EditorPlatform: d09bf68614088b80899f8185d706f6e7 -> 
  custom:video-encoder-webm-vp8: eb34c28f22e8b96e1ab97ce403110664 -> 
  custom:audio-decoder-ogg-vorbis: bf7c407c2cedff20999df2af8eb42d56 -> 
  custom:audio-encoder-webm-vorbis: bf7c407c2cedff20999df2af8eb42d56 -> 
========================================================================
Received Import Request.
  Time since last request: 382.197954 seconds.
  path: Assets/KinematicCharacterController/Examples/Models/DualTriSlope.fbx
  artifactKey: Guid(2e973c5a9dd49cf409c99021ad5a63a4) Importer(815301076,1909f56bfc062723c751e8b465ee728b)
Start importing Assets/KinematicCharacterController/Examples/Models/DualTriSlope.fbx using Guid(2e973c5a9dd49cf409c99021ad5a63a4) Importer(815301076,1909f56bfc062723c751e8b465ee728b)  -> (artifact id: '00b61fa53ba468fb2ff000158c9d77fa') in 0.483801 seconds
Number of updated asset objects reloaded before import = 0
Number of asset objects unloaded after import = 17
========================================================================
Received Import Request.
  Time since last request: 0.000021 seconds.
  path: Assets/KinematicCharacterController/Examples/Models/StepTest3.fbx
  artifactKey: Guid(541ef61594cba1c4b848171826d808e0) Importer(815301076,1909f56bfc062723c751e8b465ee728b)
Start importing Assets/KinematicCharacterController/Examples/Models/StepTest3.fbx using Guid(541ef61594cba1c4b848171826d808e0) Importer(815301076,1909f56bfc062723c751e8b465ee728b)  -> (artifact id: 'ee5a020a5aeeebe79748d9554479d80f') in 0.041713 seconds
Number of updated asset objects reloaded before import = 0
Number of asset objects unloaded after import = 9
========================================================================
Received Import Request.
  Time since last request: 0.000045 seconds.
  path: Assets/KinematicCharacterController/Examples/Models/ring.fbx
  artifactKey: Guid(94c29bfdbb24c4e45a3bc0982aedb13b) Importer(815301076,1909f56bfc062723c751e8b465ee728b)
Start importing Assets/KinematicCharacterController/Examples/Models/ring.fbx using Guid(94c29bfdbb24c4e45a3bc0982aedb13b) Importer(815301076,1909f56bfc062723c751e8b465ee728b)  -> (artifact id: 'e0d0696bef06223b46159a45545a9ad8') in 0.023638 seconds
Number of updated asset objects reloaded before import = 0
Number of asset objects unloaded after import = 9
========================================================================
Received Import Request.
  Time since last request: 0.000017 seconds.
  path: Assets/KinematicCharacterController/Examples/Models/ConcaveCorridor.fbx
  artifactKey: Guid(2b7ce2fb71ab23245a79364c94a76c48) Importer(815301076,1909f56bfc062723c751e8b465ee728b)
Start importing Assets/KinematicCharacterController/Examples/Models/ConcaveCorridor.fbx using Guid(2b7ce2fb71ab23245a79364c94a76c48) Importer(815301076,1909f56bfc062723c751e8b465ee728b)  -> (artifact id: 'ff28053cec1106840f24b17eea371383') in 0.020548 seconds
Number of updated asset objects reloaded before import = 0
Number of asset objects unloaded after import = 9
========================================================================
Received Import Request.
  Time since last request: 0.000016 seconds.
  path: Assets/KinematicCharacterController/Examples/Models/TriSlope2.fbx
  artifactKey: Guid(af0439a59cb6f5d4a864c8702e0978ac) Importer(815301076,1909f56bfc062723c751e8b465ee728b)
Start importing Assets/KinematicCharacterController/Examples/Models/TriSlope2.fbx using Guid(af0439a59cb6f5d4a864c8702e0978ac) Importer(815301076,1909f56bfc062723c751e8b465ee728b)  -> (artifact id: '6dd9542c2ac2261b8bab4980ac9b9e21') in 0.018886 seconds
Number of updated asset objects reloaded before import = 0
Number of asset objects unloaded after import = 9
========================================================================
Received Import Request.
  Time since last request: 0.000020 seconds.
  path: Assets/KinematicCharacterController/Examples/Models/weirdthingy.fbx
  artifactKey: Guid(6e73d5ad97bcae4479606a8f6e375fa7) Importer(815301076,1909f56bfc062723c751e8b465ee728b)
Start importing Assets/KinematicCharacterController/Examples/Models/weirdthingy.fbx using Guid(6e73d5ad97bcae4479606a8f6e375fa7) Importer(815301076,1909f56bfc062723c751e8b465ee728b)  -> (artifact id: '1a5ef4b4c97dcbd0e2a535390e70625e') in 0.021521 seconds
Number of updated asset objects reloaded before import = 0
Number of asset objects unloaded after import = 9
========================================================================
Received Import Request.
  Time since last request: 0.000020 seconds.
  path: Assets/KinematicCharacterController/Examples/Models/StepTest1.fbx
  artifactKey: Guid(1e5829d00378bbb488aff5a4a8bfbadb) Importer(815301076,1909f56bfc062723c751e8b465ee728b)
Start importing Assets/KinematicCharacterController/Examples/Models/StepTest1.fbx using Guid(1e5829d00378bbb488aff5a4a8bfbadb) Importer(815301076,1909f56bfc062723c751e8b465ee728b)  -> (artifact id: '697093f28da4cc44ef44c899dc5472bc') in 0.021164 seconds
Number of updated asset objects reloaded before import = 0
Number of asset objects unloaded after import = 9
========================================================================
Received Import Request.
  Time since last request: 0.000017 seconds.
  path: Assets/KinematicCharacterController/Examples/Models/LedgeSlope.fbx
  artifactKey: Guid(2b3e390293a5bb142868f65fe568b1f7) Importer(815301076,1909f56bfc062723c751e8b465ee728b)
Start importing Assets/KinematicCharacterController/Examples/Models/LedgeSlope.fbx using Guid(2b3e390293a5bb142868f65fe568b1f7) Importer(815301076,1909f56bfc062723c751e8b465ee728b)  -> (artifact id: '9f091b6d87ace3540c5b527e731b66cc') in 0.019727 seconds
Number of updated asset objects reloaded before import = 0
Number of asset objects unloaded after import = 9
========================================================================
Received Import Request.
  Time since last request: 0.000017 seconds.
  path: Assets/KinematicCharacterController/Examples/Models/ConcaveSteps.fbx
  artifactKey: Guid(ea44a31176a10784b9002ca976fea196) Importer(815301076,1909f56bfc062723c751e8b465ee728b)
Start importing Assets/KinematicCharacterController/Examples/Models/ConcaveSteps.fbx using Guid(ea44a31176a10784b9002ca976fea196) Importer(815301076,1909f56bfc062723c751e8b465ee728b)  -> (artifact id: '8eaa8ccc7bc2849d5e12f19bf3c7cc7e') in 0.020286 seconds
Number of updated asset objects reloaded before import = 0
Number of asset objects unloaded after import = 9
========================================================================
Received Import Request.
  Time since last request: 0.000023 seconds.
  path: Assets/KinematicCharacterController/Examples/Models/TriSlope4.fbx
  artifactKey: Guid(a1fb5ad061b41ec4f88dee5615c25a82) Importer(815301076,1909f56bfc062723c751e8b465ee728b)
Start importing Assets/KinematicCharacterController/Examples/Models/TriSlope4.fbx using Guid(a1fb5ad061b41ec4f88dee5615c25a82) Importer(815301076,1909f56bfc062723c751e8b465ee728b)  -> (artifact id: 'ac6eda65de7fe3e88f374d0ebd6e66c4') in 0.019347 seconds
Number of updated asset objects reloaded before import = 0
Number of asset objects unloaded after import = 9
========================================================================
Received Import Request.
  Time since last request: 17.621367 seconds.
  path: Assets/KinematicCharacterController/Examples/Materials/Dark.mat
  artifactKey: Guid(ac0fa2f3d7139704ba1ad516325833cc) Importer(815301076,1909f56bfc062723c751e8b465ee728b)
Start importing Assets/KinematicCharacterController/Examples/Materials/Dark.mat using Guid(ac0fa2f3d7139704ba1ad516325833cc) Importer(815301076,1909f56bfc062723c751e8b465ee728b)  -> (artifact id: 'f2494aee1770a08aa0cf1379faa91fb7') in 0.018311 seconds
Number of updated asset objects reloaded before import = 0
Number of asset objects unloaded after import = 1
========================================================================
Received Import Request.
  Time since last request: 0.000016 seconds.
  path: Assets/KinematicCharacterController/Examples/Materials/Ghost.mat
  artifactKey: Guid(95ff44eaf07f3af4a8f8506dc52b2f49) Importer(815301076,1909f56bfc062723c751e8b465ee728b)
Start importing Assets/KinematicCharacterController/Examples/Materials/Ghost.mat using Guid(95ff44eaf07f3af4a8f8506dc52b2f49) Importer(815301076,1909f56bfc062723c751e8b465ee728b)  -> (artifact id: '3d46fff6e3404d52cd7239ca57eb953b') in 0.350484 seconds
Number of updated asset objects reloaded before import = 0
Number of asset objects unloaded after import = 1
========================================================================
Received Import Request.
  Time since last request: 0.000022 seconds.
  path: Assets/KinematicCharacterController/Examples/Materials/GridBlue.mat
  artifactKey: Guid(b2741a1cd6e468f44b7d6494dee261a2) Importer(815301076,1909f56bfc062723c751e8b465ee728b)
Start importing Assets/KinematicCharacterController/Examples/Materials/GridBlue.mat using Guid(b2741a1cd6e468f44b7d6494dee261a2) Importer(815301076,1909f56bfc062723c751e8b465ee728b)  -> (artifact id: '5e13d7532401cee70cb8854ac56f78a2') in 0.044938 seconds
Number of updated asset objects reloaded before import = 0
Number of asset objects unloaded after import = 2
========================================================================
Received Import Request.
  Time since last request: 0.000031 seconds.
  path: Assets/KinematicCharacterController/Examples/Materials/Orange.mat
  artifactKey: Guid(cdd98aff9e51e5b4c9f98f2d337d0fb1) Importer(815301076,1909f56bfc062723c751e8b465ee728b)
Start importing Assets/KinematicCharacterController/Examples/Materials/Orange.mat using Guid(cdd98aff9e51e5b4c9f98f2d337d0fb1) Importer(815301076,1909f56bfc062723c751e8b465ee728b)  -> (artifact id: '6678e99735357936110b97341c1429c3') in 0.018591 seconds
Number of updated asset objects reloaded before import = 0
Number of asset objects unloaded after import = 1
========================================================================
Received Import Request.
  Time since last request: 0.000019 seconds.
  path: Assets/KinematicCharacterController/Examples/Materials/Teleporter.mat
  artifactKey: Guid(a4dda9ab07d60364890bdfe5abf41670) Importer(815301076,1909f56bfc062723c751e8b465ee728b)
Start importing Assets/KinematicCharacterController/Examples/Materials/Teleporter.mat using Guid(a4dda9ab07d60364890bdfe5abf41670) Importer(815301076,1909f56bfc062723c751e8b465ee728b)  -> (artifact id: 'ab2bba8f8c6f5824e5923ee1b753e7d3') in 0.103816 seconds
Number of updated asset objects reloaded before import = 0
Number of asset objects unloaded after import = 1
Editor requested this worker to shutdown with reason: Scaling down because of idle timeout
TcpMessagingSession - receive error: operation aborted. errorcode: 995, details: The I/O operation has been aborted because of either a thread exit or an application request.
AssetImportWorker is now disconnected from the server
Process exiting
Exiting without the bug reporter. Application will terminate with return code 0